NOTE: PROCEDURE PRINTTO used (Total process time):
      real time           0.02 seconds
      cpu time            0.02 seconds
      

103        ods pdf file='/saslocal/SeriesJ.pdf';
NOTE: Writing ODS PDF output to DISK destination "/saslocal/SeriesJ.pdf", printer "PDF".
104        proc arima data=seriesj;
105        
106           /*--- Look at the input process ----------------------------*/
107           identify var=x;
108           run;

109        
110           /*--- Fit a model for the input ----------------------------*/
111           estimate p=3 plot;
112           run;

113        
114           /*--- Cross-correlation of prewhitened series ---------------*/
115           identify var=y crosscorr=(x) nlag=12;
116           run;

117        
118           /*--- Fit a simple transfer function - look at residuals ---*/
119           estimate input=( 3 $ (1,2)/(1) x );
120           run;

121        
122           /*--- Final Model - look at residuals ----------------------*/
123           estimate p=2 input=( 3 $ (1,2)/(1) x );
124           run;

125        
126        quit;

NOTE: The PROCEDURE ARIMA printed pages 1-7.
NOTE: PROCEDURE ARIMA used (Total process time):
      real time           5.71 seconds
3                                                          The SAS System                               16:54 Friday, March 20, 2020

      cpu time            0.69 seconds
      

127        ods pdf close;
NOTE: ODS PDF printed 12 pages to /saslocal/SeriesJ.pdf.
NOTE: PROCEDURE PRINTTO used (Total process time):
      real time           0.02 seconds
      user cpu time       0.01 seconds
      system cpu time     0.00 seconds
      memory              1778.87k
      OS Memory           9636.00k
      Timestamp           03/20/2020 05:17:02 PM
      Step Count                        2  Switch Count  0
      Page Faults                       0
      Page Reclaims                     404
      Page Swaps                        0
      Voluntary Context Switches        31
      Involuntary Context Switches      29
      Block Input Operations            40
      Block Output Operations           0
      

87         ods pdf file='/saslocal/SeriesJ.pdf';
NOTE: Writing ODS PDF output to DISK destination "/saslocal/SeriesJ.pdf", printer "PDF".
88         proc arima data=seriesj;
89         
90            /*--- Look at the input process ----------------------------*/
91            identify var=x;
92            run;

93         
94            /*--- Fit a model for the input ----------------------------*/
95            estimate p=3 plot;
96            run;

97         
98            /*--- Cross-correlation of prewhitened series ---------------*/
99            identify var=y crosscorr=(x) nlag=12;
100           run;

101        
102           /*--- Fit a simple transfer function - look at residuals ---*/
103           estimate input=( 3 $ (1,2)/(1) x );
104           run;

105        
106           /*--- Final Model - look at residuals ----------------------*/
107           estimate p=2 input=( 3 $ (1,2)/(1) x );
3                                                          The SAS System                               17:17 Friday, March 20, 2020

108           run;

109        
110        quit;

NOTE: The PROCEDURE ARIMA printed pages 1-7.
NOTE: PROCEDURE ARIMA used (Total process time):
      real time           5.96 seconds
      user cpu time       0.58 seconds
      system cpu time     0.17 seconds
      memory              25406.84k
      OS Memory           39904.00k
      Timestamp           03/20/2020 05:17:08 PM
      Step Count                        3  Switch Count  0
      Page Faults                       0
      Page Reclaims                     28072
      Page Swaps                        0
      Voluntary Context Switches        2649
      Involuntary Context Switches      238
      Block Input Operations            0
      Block Output Operations           4800
      

111        ods pdf close;
NOTE: ODS PDF printed 12 pages to /saslocal/SeriesJ.pdf.
NOTE: PROCEDURE PRINTTO used (Total process time):
      real time           0.02 seconds
      user cpu time       0.01 seconds
      system cpu time     0.01 seconds
      memory              1778.87k
      OS Memory           9636.00k
      Timestamp           03/20/2020 05:17:37 PM
      Step Count                        2  Switch Count  0
      Page Faults                       0
      Page Reclaims                     404
      Page Swaps                        0
      Voluntary Context Switches        31
      Involuntary Context Switches      31
      Block Input Operations            40
      Block Output Operations           0
      

87         ods pdf file='/saslocal/SeriesJ.pdf';
NOTE: Writing ODS PDF output to DISK destination "/saslocal/SeriesJ.pdf", printer "PDF".
88         proc arima data=seriesj;
89         
90            /*--- Look at the input process ----------------------------*/
91            identify var=x;
92            run;

93         
94            /*--- Fit a model for the input ----------------------------*/
95            estimate p=3 plot;
96            run;

97         
98            /*--- Cross-correlation of prewhitened series ---------------*/
99            identify var=y crosscorr=(x) nlag=12;
100           run;

101        
102           /*--- Fit a simple transfer function - look at residuals ---*/
103           estimate input=( 3 $ (1,2)/(1) x );
104           run;

105        
106           /*--- Final Model - look at residuals ----------------------*/
107           estimate p=2 input=( 3 $ (1,2)/(1) x );
3                                                          The SAS System                               17:17 Friday, March 20, 2020

108           run;

109        
110        quit;

NOTE: The PROCEDURE ARIMA printed pages 1-7.
NOTE: PROCEDURE ARIMA used (Total process time):
      real time           5.47 seconds
      user cpu time       0.51 seconds
      system cpu time     0.15 seconds
      memory              25406.84k
      OS Memory           39904.00k
      Timestamp           03/20/2020 05:17:43 PM
      Step Count                        3  Switch Count  0
      Page Faults                       0
      Page Reclaims                     28080
      Page Swaps                        0
      Voluntary Context Switches        2241
      Involuntary Context Switches      686
      Block Input Operations            0
      Block Output Operations           4800
      

111        ods pdf close;
NOTE: ODS PDF printed 12 pages to /saslocal/SeriesJ.pdf.
